<?xml version="1.0" encoding="UTF-8"?>
<robot generator="Robot 6.1.1 (Python 3.10.12 on darwin)" generated="20231117 10:14:19.250" rpa="true" schemaversion="4">
<suite id="s1" name="Tasks" source="/Users/firjarajendraprimap/Documents/Robocorp/first-project/tasks.robot">
<test id="s1-t1" name="Open the website" line="12">
<kw name="Open website">
<kw name="Open Available Browser" library="RPA.Browser.Selenium">
<arg>https://rpa-unlimited.com/youtube/robocorp-tutorial/</arg>
<arg>headless=${True}</arg>
<doc>Attempts to open a browser on the user's device from a set of
supported browsers. Automatically downloads a corresponding webdriver
if none is already installed.</doc>
<msg timestamp="20231117 10:14:57.488" level="INFO">Downloaded webdriver to: /Users/firjarajendraprimap/.robocorp/webdrivers/.wdm/drivers/chromedriver/mac64/119.0.6045.105/chromedriver-mac-x64/chromedriver</msg>
<msg timestamp="20231117 10:14:59.713" level="INFO">Webdriver version taken into use: ChromeDriver 119.0.6045.105 (38c72552c5e15ba9b3117c0967a0fd105072d7c6-refs/branch-heads/6045@{#1103})
</msg>
<msg timestamp="20231117 10:14:59.864" level="INFO">Targeted browser version: 119.0.6045</msg>
<msg timestamp="20231117 10:14:59.866" level="INFO">Creating an instance of the Chrome WebDriver.</msg>
<msg timestamp="20231117 10:15:05.529" level="INFO">Created Chrome browser with arguments: --headless=new --disable-gpu --window-size=1440,900 --disable-dev-shm-usage --disable-web-security --allow-running-insecure-content --no-sandbox</msg>
<msg timestamp="20231117 10:15:05.531" level="INFO" html="true">&lt;p&gt;Attempted combinations:&lt;/p&gt;&lt;div class="doc"&gt;&lt;table&gt;&lt;tr&gt;&lt;th&gt;Browser&lt;/th&gt;&lt;th&gt;Download&lt;/th&gt;&lt;th&gt;Error&lt;/th&gt;&lt;/tr&gt;&lt;tr&gt;&lt;td&gt;Chrome&lt;/td&gt;&lt;td&gt;False&lt;/td&gt;&lt;td&gt;Message: Webdriver executable 'chromedriver' is not in PATH (with disabled Selenium Manager)
&lt;/td&gt;&lt;/tr&gt;&lt;tr&gt;&lt;td&gt;Chrome&lt;/td&gt;&lt;td&gt;True&lt;/td&gt;&lt;td&gt;&lt;/td&gt;&lt;/tr&gt;&lt;/table&gt;&lt;/div&gt;</msg>
<msg timestamp="20231117 10:15:05.531" level="INFO">Opening url 'https://rpa-unlimited.com/youtube/robocorp-tutorial/'</msg>
<status status="PASS" starttime="20231117 10:14:20.451" endtime="20231117 10:15:13.266"/>
</kw>
<kw name="Maximize Browser Window" library="RPA.Browser.Selenium">
<doc>Maximizes current browser window.</doc>
<msg timestamp="20231117 10:15:13.269" level="WARN">Attempting to maximize browser in headless mode without knowning the screen resolution. (ignoring maximization)</msg>
<status status="PASS" starttime="20231117 10:15:13.268" endtime="20231117 10:15:13.270"/>
</kw>
<status status="PASS" starttime="20231117 10:14:20.449" endtime="20231117 10:15:13.270"/>
</kw>
<status status="PASS" starttime="20231117 10:14:20.446" endtime="20231117 10:15:13.271"/>
</test>
<test id="s1-t2" name="Adding customer" line="15">
<kw name="Add customer to CRM system">
<kw name="Input Text" library="RPA.Browser.Selenium">
<arg>company-name</arg>
<arg>Firja Tech Sharing Session</arg>
<doc>Types the given ``text`` into the text field identified by ``locator``.</doc>
<msg timestamp="20231117 10:15:13.277" level="INFO">Typing text 'Firja Tech Sharing Session' into text field 'company-name'.</msg>
<status status="PASS" starttime="20231117 10:15:13.275" endtime="20231117 10:15:14.543"/>
</kw>
<kw name="Input Text" library="RPA.Browser.Selenium">
<arg>company-contact</arg>
<arg>Rey</arg>
<doc>Types the given ``text`` into the text field identified by ``locator``.</doc>
<msg timestamp="20231117 10:15:14.545" level="INFO">Typing text 'Rey' into text field 'company-contact'.</msg>
<status status="PASS" starttime="20231117 10:15:14.543" endtime="20231117 10:15:15.643"/>
</kw>
<kw name="Input Text" library="RPA.Browser.Selenium">
<arg>address</arg>
<arg>Rawalumbu</arg>
<doc>Types the given ``text`` into the text field identified by ``locator``.</doc>
<msg timestamp="20231117 10:15:15.645" level="INFO">Typing text 'Rawalumbu' into text field 'address'.</msg>
<status status="PASS" starttime="20231117 10:15:15.643" endtime="20231117 10:15:15.849"/>
</kw>
<kw name="Input Text" library="RPA.Browser.Selenium">
<arg>zipcode</arg>
<arg>17115</arg>
<doc>Types the given ``text`` into the text field identified by ``locator``.</doc>
<msg timestamp="20231117 10:15:15.852" level="INFO">Typing text '17115' into text field 'zipcode'.</msg>
<status status="PASS" starttime="20231117 10:15:15.850" endtime="20231117 10:15:15.994"/>
</kw>
<kw name="Input Text" library="RPA.Browser.Selenium">
<arg>city</arg>
<arg>Bekasi</arg>
<doc>Types the given ``text`` into the text field identified by ``locator``.</doc>
<msg timestamp="20231117 10:15:15.996" level="INFO">Typing text 'Bekasi' into text field 'city'.</msg>
<status status="PASS" starttime="20231117 10:15:15.995" endtime="20231117 10:15:16.104"/>
</kw>
<kw name="Input Text" library="RPA.Browser.Selenium">
<arg>country</arg>
<arg>Indonesia</arg>
<doc>Types the given ``text`` into the text field identified by ``locator``.</doc>
<msg timestamp="20231117 10:15:16.106" level="INFO">Typing text 'Indonesia' into text field 'country'.</msg>
<status status="PASS" starttime="20231117 10:15:16.105" endtime="20231117 10:15:16.408"/>
</kw>
<kw name="Input Text" library="RPA.Browser.Selenium">
<arg>telephone</arg>
<arg>082275637356</arg>
<doc>Types the given ``text`` into the text field identified by ``locator``.</doc>
<msg timestamp="20231117 10:15:16.410" level="INFO">Typing text '082275637356' into text field 'telephone'.</msg>
<status status="PASS" starttime="20231117 10:15:16.408" endtime="20231117 10:15:17.100"/>
</kw>
<kw name="Input Text" library="RPA.Browser.Selenium">
<arg>email</arg>
<arg>firja.rajendra@rey.id</arg>
<doc>Types the given ``text`` into the text field identified by ``locator``.</doc>
<msg timestamp="20231117 10:15:17.102" level="INFO">Typing text 'firja.rajendra@rey.id' into text field 'email'.</msg>
<status status="PASS" starttime="20231117 10:15:17.101" endtime="20231117 10:15:20.149"/>
</kw>
<kw name="Submit Form" library="RPA.Browser.Selenium">
<doc>Submits a form identified by ``locator``.</doc>
<msg timestamp="20231117 10:15:20.151" level="INFO">Submitting form 'None'.</msg>
<status status="PASS" starttime="20231117 10:15:20.150" endtime="20231117 10:15:21.708"/>
</kw>
<status status="PASS" starttime="20231117 10:15:13.274" endtime="20231117 10:15:21.709"/>
</kw>
<status status="PASS" starttime="20231117 10:15:13.273" endtime="20231117 10:15:21.709"/>
</test>
<test id="s1-t3" name="Download existing report" line="18">
<kw name="Download report and Save">
<kw name="Download" library="RPA.HTTP">
<arg>https://www.rpa-unlimited.com/youtube/robocorp-tutorial/input.xlsx</arg>
<arg>target_file=${DOWNLOAD_DIR}${/}report.xlsx</arg>
<doc>An alias for the ``HTTP Get`` keyword.</doc>
<msg timestamp="20231117 10:15:21.716" level="INFO">Creating a new HTTP session</msg>
<msg timestamp="20231117 10:15:21.716" level="INFO">Creating Session using : alias=rpasession_alias.httpswww.rpa-unlimited.com, url=https://www.rpa-unlimited.com, headers={},                     cookies={}, auth=None, timeout=None, proxies=None, verify=True,                     debug=0 </msg>
<status status="PASS" starttime="20231117 10:15:21.713" endtime="20231117 10:15:22.435"/>
</kw>
<status status="PASS" starttime="20231117 10:15:21.712" endtime="20231117 10:15:22.436"/>
</kw>
<status status="PASS" starttime="20231117 10:15:21.711" endtime="20231117 10:15:22.437"/>
</test>
<doc>Template robot main suite.</doc>
<status status="PASS" starttime="20231117 10:14:19.261" endtime="20231117 10:15:22.439"/>
</suite>
<statistics>
<total>
<stat pass="3" fail="0" skip="0">All Tasks</stat>
</total>
<tag>
</tag>
<suite>
<stat pass="3" fail="0" skip="0" id="s1" name="Tasks">Tasks</stat>
</suite>
</statistics>
<errors>
<msg timestamp="20231117 10:15:13.269" level="WARN">Attempting to maximize browser in headless mode without knowning the screen resolution. (ignoring maximization)</msg>
</errors>
</robot>
